#
# A fatal error has been detected by the Java Runtime Environment:
#
#  Internal Error (classFileParser.cpp:3494), pid=7860, tid=7332
#  Error: ShouldNotReachHere()
#
# JRE version: 6.0_30-b12
# Java VM: Java HotSpot(TM) Client VM (20.5-b03 mixed mode windows-x86 )
# If you would like to submit a bug report, please visit:
#   http://java.sun.com/webapps/bugreport/crash.jsp
#

---------------  T H R E A D  ---------------

Current thread (0x003ca000):  JavaThread "Unknown thread" [_thread_in_vm, id=7332, stack(0x02180000,0x021d0000)]

Stack: [0x02180000,0x021d0000],  sp=0x021cf86c,  free space=318k
Native frames: (J=compiled Java code, j=interpreted, Vv=VM code, C=native code)
V  [jvm.dll+0x1335ca]
V  [jvm.dll+0x12e57b]
V  [jvm.dll+0x1639e]
V  [jvm.dll+0x17bdf]
V  [jvm.dll+0x26cc5]
V  [jvm.dll+0x27506]
V  [jvm.dll+0x278b5]
V  [jvm.dll+0x27949]
V  [jvm.dll+0x27a0c]
V  [jvm.dll+0x27a8a]
V  [jvm.dll+0x27b6d]
V  [jvm.dll+0x27e39]
V  [jvm.dll+0x6c383]
V  [jvm.dll+0x6c75c]
V  [jvm.dll+0xf9b4c]
V  [jvm.dll+0x11848b]
V  [jvm.dll+0x9eb60]
C  [javaw.exe+0x1657]
C  [javaw.exe+0x1e2c]
C  [javaw.exe+0x8614]
C  [kernel32.dll+0x1339a]  BaseThreadInitThunk+0x12
C  [ntdll.dll+0x39ef2]  RtlInitializeExceptionChain+0x63
C  [ntdll.dll+0x39ec5]  RtlInitializeExceptionChain+0x36


---------------  P R O C E S S  ---------------

Java Threads: ( => current thread )

Other Threads:

=>0x003ca000 (exited) JavaThread "Unknown thread" [_thread_in_vm, id=7332, stack(0x02180000,0x021d0000)]

VM state:not at safepoint (not fully initialized)

VM Mutex/Monitor currently owned by a thread: None

Dynamic libraries:
0x00400000 - 0x00425000 	C:\Program Files (x86)\Java\jre6\bin\javaw.exe
0x77c20000 - 0x77da0000 	C:\Windows\SysWOW64\ntdll.dll
0x76a40000 - 0x76b50000 	C:\Windows\syswow64\kernel32.dll
0x76ec0000 - 0x76f06000 	C:\Windows\syswow64\KERNELBASE.dll
0x76c30000 - 0x76cd0000 	C:\Windows\syswow64\ADVAPI32.dll
0x75610000 - 0x756bc000 	C:\Windows\syswow64\msvcrt.dll
0x77340000 - 0x77359000 	C:\Windows\SysWOW64\sechost.dll
0x77250000 - 0x77340000 	C:\Windows\syswow64\RPCRT4.dll
0x75300000 - 0x75360000 	C:\Windows\syswow64\SspiCli.dll
0x752f0000 - 0x752fc000 	C:\Windows\syswow64\CRYPTBASE.dll
0x76f10000 - 0x77010000 	C:\Windows\syswow64\USER32.dll
0x76da0000 - 0x76e30000 	C:\Windows\syswow64\GDI32.dll
0x767e0000 - 0x767ea000 	C:\Windows\syswow64\LPK.dll
0x76d00000 - 0x76d9d000 	C:\Windows\syswow64\USP10.dll
0x753b0000 - 0x75410000 	C:\Windows\system32\IMM32.DLL
0x75530000 - 0x755fc000 	C:\Windows\syswow64\MSCTF.dll
0x6d840000 - 0x6d85a000 	C:\PROGRA~2\KASPER~1\KASPER~1\mzvkbd3.dll
0x6d920000 - 0x6d931000 	C:\PROGRA~2\KASPER~1\KASPER~1\sbhook.dll
0x76670000 - 0x767cc000 	C:\Windows\syswow64\ole32.dll
0x7c340000 - 0x7c396000 	C:\Program Files (x86)\Java\jre6\bin\msvcr71.dll
0x02660000 - 0x0290f000 	C:\Program Files (x86)\Java\jre6\bin\client\jvm.dll
0x73400000 - 0x73432000 	C:\Windows\system32\WINMM.dll
0x709f0000 - 0x70a3c000 	C:\Windows\system32\apphelp.dll
0x6d7a0000 - 0x6d7ac000 	C:\Program Files (x86)\Java\jre6\bin\verify.dll
0x6d320000 - 0x6d33f000 	C:\Program Files (x86)\Java\jre6\bin\java.dll
0x6d7e0000 - 0x6d7ef000 	C:\Program Files (x86)\Java\jre6\bin\zip.dll
0x767d0000 - 0x767d5000 	C:\Windows\system32\PSAPI.DLL

VM Arguments:
jvm_args: -Dfile.encoding=Cp1252 -Xbootclasspath:C:\Program Files (x86)\Android\android-sdk\platforms\android-10\android.jar 
java_command: org.eclipse.jdt.internal.junit.runner.RemoteTestRunner -version 3 -port 4708 -testLoaderClass org.eclipse.jdt.internal.junit.runner.junit3.JUnit3TestLoader -loaderpluginname org.eclipse.jdt.junit.runtime -classNames TestMutterActivity
Launcher Type: SUN_STANDARD

Environment Variables:
CLASSPATH=C:\Users\Kevin\introcs\algs4.jar;C:\Users\Kevin\introcs\stdlib.jar;C:\Users\Kevin\introcs\j3d\lib\ext\j3dutils.jar;C:\Users\Kevin\introcs\j3d\lib\ext\j3dcore.jar;C:\Users\Kevin\introcs\j3d\lib\ext\vecmath.jar;.;C:\Program Files (x86)\Java\jre6\lib\ext\QTJava.zip
PATH=C:/Users/Kevin/introcs/java/bin/server;C:/Users/Kevin/introcs/java/bin;C:/Users/Kevin/introcs/java/lib/amd64;C:\Users\Kevin\introcs\java\bin;C:\RailsInstaller\Git\cmd;C:\RailsInstaller\Ruby1.8.7\bin;C:\Program Files\Common Files\Microsoft Shared\Windows Live;C:\Program Files (x86)\Common Files\Microsoft Shared\Windows Live;C:\Windows\system32;C:\Windows;C:\Windows\System32\Wbem;C:\Windows\System32\WindowsPowerShell\v1.0\;c:\Program Files (x86)\Common Files\Ulead Systems\MPEG;C:\Program Files\WIDCOMM\Bluetooth Software\;C:\Program Files\WIDCOMM\Bluetooth Software\syswow64;C:\Program Files (x86)\ATI Technologies\ATI.ACE\Core-Static;c:\Program Files (x86)\Common Files\Roxio Shared\DLLShared\;c:\Program Files (x86)\Common Files\Roxio Shared\12.0\DLLShared\;C:\Program Files (x86)\Autodesk\Backburner\;C:\Program Files (x86)\Windows Live\Shared;C:\Program Files (x86)\Common Files\GTK\2.0\bin;C:\Program Files (x86)\QuickTime\QTSystem\;C:\Program Files (x86)\Java\jdk1.5.0\bin;C:\Python27;c:\Program Files (x86)\Microsoft SQL Server\100\Tools\Binn\;c:\Program Files\Microsoft SQL Server\100\Tools\Binn\;c:\Program Files\Microsoft SQL Server\100\DTS\Binn\;C:\Python27\Scripts;C:\Program Files (x86)\Vim\vim73;C:\Program Files (x86)\Heroku\bin;C:\Program Files (x86)\ruby-1.9.3\bin;C:\Program Files (x86)\git\bin;C:\Program Files (x86)\git\cmd;c:\Program Files (x86)\Microsoft SQL Server\90\Tools\binn\;C:\Program Files\TortoiseSVN\bin;C:\Users\Kevin\introcs\bin;C:\Users\Kevin\introcs\j3d\bin;C:\Users\Kevin\introcs\java\bin;C:\Qt\4.8.0\bin;C:\Program Files (x86)\Google\google_appengine\;C:\Python27\Lib\site-packages;C:\Program Files\PostgreSQL\9.1\bin;C:\eclipse37\eclipse;
USERNAME=Kevin
OS=Windows_NT
PROCESSOR_IDENTIFIER=Intel64 Family 6 Model 37 Stepping 5, GenuineIntel



---------------  S Y S T E M  ---------------

OS: Windows 7 , 64 bit Build 7601 Service Pack 1

CPU:total 4 (2 cores per cpu, 2 threads per core) family 6 model 37 stepping 5, cmov, cx8, fxsr, mmx, sse, sse2, sse3, ssse3, sse4.1, sse4.2, popcnt, ht

Memory: 4k page, physical 3987056k(908608k free), swap 7972260k(4095800k free)

vm_info: Java HotSpot(TM) Client VM (20.5-b03) for windows-x86 JRE (1.6.0_30-b12), built on Nov 10 2011 01:51:00 by "java_re" with MS VC++ 7.1 (VS2003)

time: Thu May 03 14:36:26 2012
elapsed time: 0 seconds

